
Showing logs for build [32mjenkins-x-labs-bot-bdd-gh-15861-ph8vs-1[0m stage [32mfrom-build-pack[0m and container [32mstep-credential-initializer-flqkg[0m
{"level":"warn","ts":1586175075.5413623,"logger":"fallback-logger","caller":"logging/config.go:69","msg":"Fetch GitHub commit ID from kodata failed: \"ref: refs/heads/0.8.0-**-support-backwards-incompats\" is not a valid GitHub commit ID"}
{"level":"info","ts":1586175075.5421166,"logger":"fallback-logger","caller":"creds-init/main.go:40","msg":"Credentials initialized."}

Showing logs for build [32mjenkins-x-labs-bot-bdd-gh-15861-ph8vs-1[0m stage [32mfrom-build-pack[0m and container [32mstep-working-dir-initializer-7schv[0m
{"level":"warn","ts":1586175077.004454,"logger":"fallback-logger","caller":"logging/config.go:69","msg":"Fetch GitHub commit ID from kodata failed: open /var/run/ko/HEAD: no such file or directory"}
{"level":"info","ts":1586175077.0056891,"logger":"fallback-logger","caller":"bash/main.go:64","msg":"Successfully executed command \"sh -c mkdir -p /workspace/source\"; output "}

Showing logs for build [32mjenkins-x-labs-bot-bdd-gh-15861-ph8vs-1[0m stage [32mfrom-build-pack[0m and container [32mstep-place-tools[0m

Showing logs for build [32mjenkins-x-labs-bot-bdd-gh-15861-ph8vs-1[0m stage [32mfrom-build-pack[0m and container [32mstep-git-source-jenkins-x-labs-bot-bdd-gh-15861-ph8vs-lch9g[0m
{"level":"warn","ts":1586175158.1218154,"logger":"fallback-logger","caller":"logging/config.go:69","msg":"Fetch GitHub commit ID from kodata failed: \"ref: refs/heads/0.8.0-**-support-backwards-incompats\" is not a valid GitHub commit ID"}
{"level":"info","ts":1586175159.2810063,"logger":"fallback-logger","caller":"git/git.go:103","msg":"Successfully cloned https://github.com/******************/bdd-gh-1586174941.git @ v0.0.1 in path /workspace/source"}

Showing logs for build [32mjenkins-x-labs-bot-bdd-gh-15861-ph8vs-1[0m stage [32mfrom-build-pack[0m and container [32mstep-git-merge[0m
Using SHAs from PULL_REFS=master:
WARNING: no SHAs to merge, falling back to initial cloned commit

Showing logs for build [32mjenkins-x-labs-bot-bdd-gh-15861-ph8vs-1[0m stage [32mfrom-build-pack[0m and container [32mstep-setup-jx-git-credentials[0m
Generated Git credentials file /workspace/xdg_config/git/credentials

Showing logs for build [32mjenkins-x-labs-bot-bdd-gh-15861-ph8vs-1[0m stage [32mfrom-build-pack[0m and container [32mstep-build-make-build[0m
CGO_ENABLED=0 GO15VENDOREXPERIMENT=1 go build -ldflags '' -o bin/bdd-gh-1586174941 main.go

Showing logs for build [32mjenkins-x-labs-bot-bdd-gh-15861-ph8vs-1[0m stage [32mfrom-build-pack[0m and container [32mstep-build-container-build[0m
ERROR: logging before flag.Parse: E0406 12:12:51.954301      11 metadata.go:241] Failed to unmarshal scopes: invalid character 'h' looking for beginning of value
[36mINFO[0m[0000] No base image, nothing to extract            
[36mINFO[0m[0000] cmd: EXPOSE                                  
[36mINFO[0m[0000] Adding exposed port: 8080/tcp                
[36mINFO[0m[0000] Using files from context: [/workspace/source/bin] 
[36mINFO[0m[0000] Skipping unpacking as no commands require it. 
[36mINFO[0m[0000] Taking snapshot of full filesystem...        
[36mINFO[0m[0000] EXPOSE 8080                                  
[36mINFO[0m[0000] cmd: EXPOSE                                  
[36mINFO[0m[0000] Adding exposed port: 8080/tcp                
[36mINFO[0m[0000] No files changed in this command, skipping snapshotting. 
[36mINFO[0m[0000] ENTRYPOINT ["/bdd-gh-1586174941"]            
[36mINFO[0m[0000] No files changed in this command, skipping snapshotting. 
[36mINFO[0m[0000] Using files from context: [/workspace/source/bin] 
[36mINFO[0m[0000] COPY ./bin/ /                                
[36mINFO[0m[0000] Taking snapshot of files...                  
2020/04/06 12:12:55 pushed blob: sha256:cd81028848d31f4a6f670c36dc39b1f117dce477202889f64fed93a2d64ded7b
2020/04/06 12:12:56 pushed blob: sha256:ea525c15d50916e54e16d2a770742a2c536d63010ca073738772e6fa2714070a
2020/04/06 12:12:57 gcr.io/jenkins-x-labs-bdd/bdd-gh-1586174941:0.0.1: digest: sha256:21134dfbd1e4bfbbb21158bca3484449250c1cb78d22bea499bab660f3e9b08f size: 428

Showing logs for build [32mjenkins-x-labs-bot-bdd-gh-15861-ph8vs-1[0m stage [32mfrom-build-pack[0m and container [32mstep-build-post-build[0m
no CVE provider running in the current ** namespace so skip adding image to be analysed

Showing logs for build [32mjenkins-x-labs-bot-bdd-gh-15861-ph8vs-1[0m stage [32mfrom-build-pack[0m and container [32mstep-promote-changelog[0m
Converted /workspace/source/charts/bdd-gh-1586174941 to an unshallow repository
Generating change log from git ref d07ea83fac8450856a9eead35cbbcc6033706020 => 312323d3f85267e2eeeef482c172e3e61f08a882
Associating user x-0 in users.jenkins.io with email jenkins-x@googlegroups.com to git GitProvider user with login -0 as emails match
Adding label jenkins.io/git-github-userid=-0 to user x-0 in users.jenkins.io
WARNING: Failed to enrich commit 2a04c20a1ccf624d103c71fb85092bef23c5665e with issues: User.jenkins.io "x-0" is invalid: metadata.labels: Invalid value: "-0": a valid label must be an empty string or consist of alphanumeric characters, '-', '_' or '.', and must start and end with an alphanumeric character (e.g. 'MyValue',  or 'my_value',  or '12345', regex used for validation is '(([A-Za-z0-9][-A-Za-z0-9_.]*)?[A-Za-z0-9])?')
Finding issues in commit messages using git format
WARNING: No release found for ******************/bdd-gh-1586174941 and tag v0.0.1 so creating a new release
Updated the release information at https://github.com/******************/bdd-gh-1586174941/releases/tag/v0.0.1
generated: /workspace/source/charts/bdd-gh-1586174941/templates/release.yaml
Created Release bdd-gh-1586174941-0-0-1 resource in namespace **
Updating PipelineActivity ******************-bdd-gh-1586174941-master-1 with version 0.0.1
Updated PipelineActivities ******************-bdd-gh-1586174941-master-1 with release notes URL: https://github.com/******************/bdd-gh-1586174941/releases/tag/v0.0.1

Showing logs for build [32mjenkins-x-labs-bot-bdd-gh-15861-ph8vs-1[0m stage [32mfrom-build-pack[0m and container [32mstep-promote-helm-release[0m
WARNING: No $CHART_REPOSITORY defined so using the default value of: http://jenkins-x-chartmuseum:8080
Adding missing Helm repo: storage.googleapis.com https://storage.googleapis.com/chartmuseum.jenkins-x.io
Successfully added Helm repository storage.googleapis.com.
Adding missing Helm repo: jenkins-x-chartmuseum http://jenkins-x-chartmuseum:8080
Successfully added Helm repository jenkins-x-chartmuseum.
WARNING: No $CHART_REPOSITORY defined so using the default value of: http://jenkins-x-chartmuseum:8080
Uploading chart file bdd-gh-1586174941-0.0.1.tgz to http://jenkins-x-chartmuseum:8080/api/charts
Received 201 response: {"saved":true}

Showing logs for build [32mjenkins-x-labs-bot-bdd-gh-15861-ph8vs-1[0m stage [32mfrom-build-pack[0m and container [32mstep-promote-jx-promote[0m
WARNING: prow based install so skip waiting for the merge of Pull Requests to go green as currently there is an issue with gettingstatuses from the PR, see https://github.com/jenkins-x/**/issues/2410
WARNING: No $CHART_REPOSITORY defined so using the default value of: http://jenkins-x-chartmuseum:8080
Promoting app bdd-gh-1586174941 version 0.0.1 to namespace **-staging
WARNING: 
Created Pull Request: https://github.com/******************/environment-pr-70-4-bdd-boot-helm3-staging/pull/1
Added label updatebot to Pull Request https://github.com/******************/environment-pr-70-4-bdd-boot-helm3-staging/pull/1
got git provider status pending from PR https://github.com/******************/environment-pr-70-4-bdd-boot-helm3-staging/pull/1
got git provider status pending from PR https://github.com/******************/environment-pr-70-4-bdd-boot-helm3-staging/pull/1
got git provider status pending from PR https://github.com/******************/environment-pr-70-4-bdd-boot-helm3-staging/pull/1
got git provider status pending from PR https://github.com/******************/environment-pr-70-4-bdd-boot-helm3-staging/pull/1
Pull Request https://github.com/******************/environment-pr-70-4-bdd-boot-helm3-staging/pull/1 is merged at sha 5df50ffb91d8474aca9fa16da817f626e425dca3
Pull Request merged but we are not waiting for the update pipeline to complete!
WARNING: Could not find the service URL in namespace **-staging for names bdd-gh-1586174941, **-bdd-gh-1586174941, **-staging-bdd-gh-1586174941
