
Showing logs for build [32mjenkins-x-labs-bot-bdd-gh-15861-95rpp-1[0m stage [32mfrom-build-pack[0m and container [32mstep-credential-initializer-2hpkh[0m
{"level":"warn","ts":1586175428.3288963,"logger":"fallback-logger","caller":"logging/config.go:69","msg":"Fetch GitHub commit ID from kodata failed: \"ref: refs/heads/0.8.0-**-support-backwards-incompats\" is not a valid GitHub commit ID"}
{"level":"info","ts":1586175428.3294897,"logger":"fallback-logger","caller":"creds-init/main.go:40","msg":"Credentials initialized."}

Showing logs for build [32mjenkins-x-labs-bot-bdd-gh-15861-95rpp-1[0m stage [32mfrom-build-pack[0m and container [32mstep-working-dir-initializer-hx249[0m
{"level":"warn","ts":1586175428.920111,"logger":"fallback-logger","caller":"logging/config.go:69","msg":"Fetch GitHub commit ID from kodata failed: open /var/run/ko/HEAD: no such file or directory"}
{"level":"info","ts":1586175428.921196,"logger":"fallback-logger","caller":"bash/main.go:64","msg":"Successfully executed command \"sh -c mkdir -p /workspace/source\"; output "}

Showing logs for build [32mjenkins-x-labs-bot-bdd-gh-15861-95rpp-1[0m stage [32mfrom-build-pack[0m and container [32mstep-place-tools[0m

Showing logs for build [32mjenkins-x-labs-bot-bdd-gh-15861-95rpp-1[0m stage [32mfrom-build-pack[0m and container [32mstep-git-source-jenkins-x-labs-bot-bdd-gh-15861-95rpp-nrgmd[0m
{"level":"warn","ts":1586175435.0982919,"logger":"fallback-logger","caller":"logging/config.go:69","msg":"Fetch GitHub commit ID from kodata failed: \"ref: refs/heads/0.8.0-**-support-backwards-incompats\" is not a valid GitHub commit ID"}
{"level":"info","ts":1586175436.194195,"logger":"fallback-logger","caller":"git/git.go:103","msg":"Successfully cloned https://github.com/******************/bdd-gh-1586174941.git @ master in path /workspace/source"}

Showing logs for build [32mjenkins-x-labs-bot-bdd-gh-15861-95rpp-1[0m stage [32mfrom-build-pack[0m and container [32mstep-git-merge[0m
Using SHAs from PULL_REFS=master:2a04c20a1ccf624d103c71fb85092bef23c5665e,1:df7eb8afca8cfecb6b1ba194fd133225d86fda72
DEBUG: LC_ALL=C JX_LOG_LEVEL=error git fetch origin --unshallow df7eb8afca8cfecb6b1ba194fd133225d86fda72: 2a04c20a1ccf624d103c71fb85092bef23c5665e:
DEBUG: ran git fetch --unshallow origin df7eb8afca8cfecb6b1ba194fd133225d86fda72: 2a04c20a1ccf624d103c71fb85092bef23c5665e: in 
DEBUG: LC_ALL=C JX_LOG_LEVEL=error git branch
DEBUG: LC_ALL=C JX_LOG_LEVEL=error git checkout master
DEBUG: ran git checkout master in 
DEBUG: LC_ALL=C JX_LOG_LEVEL=error git reset --hard 2a04c20a1ccf624d103c71fb85092bef23c5665e
DEBUG: ran git reset --hard 2a04c20a1ccf624d103c71fb85092bef23c5665e in 
DEBUG: LC_ALL=C JX_LOG_LEVEL=error git clean -fd .
DEBUG: ran clean --force -d . in 
DEBUG: LC_ALL=C JX_LOG_LEVEL=error git merge df7eb8afca8cfecb6b1ba194fd133225d86fda72
DEBUG: ran git merge df7eb8afca8cfecb6b1ba194fd133225d86fda72 in 
DEBUG: JX_LOG_LEVEL=error LC_ALL=C git log --format=%H%x1f%an%x1f%ae%x1f%cn%x1f%ce%x1f%s%n%b%x1e 2a04c20a1ccf624d103c71fb85092bef23c5665e..HEAD
Merged SHA df7eb8afca8cfecb6b1ba194fd133225d86fda72 with commit message 'My first PR commit' into base branch master

Showing logs for build [32mjenkins-x-labs-bot-bdd-gh-15861-95rpp-1[0m stage [32mfrom-build-pack[0m and container [32mstep-build-make-linux[0m
CGO_ENABLED=0 GOOS=linux GOARCH=amd64 GO15VENDOREXPERIMENT=1 go build -ldflags '' -o bin/bdd-gh-1586174941 main.go

Showing logs for build [32mjenkins-x-labs-bot-bdd-gh-15861-95rpp-1[0m stage [32mfrom-build-pack[0m and container [32mstep-build-container-build[0m
ERROR: logging before flag.Parse: E0406 12:17:23.950299      12 metadata.go:241] Failed to unmarshal scopes: invalid character 'h' looking for beginning of value
[36mINFO[0m[0000] No base image, nothing to extract            
[36mINFO[0m[0000] cmd: EXPOSE                                  
[36mINFO[0m[0000] Adding exposed port: 8080/tcp                
[36mINFO[0m[0000] Using files from context: [/workspace/source/bin] 
[36mINFO[0m[0000] Skipping unpacking as no commands require it. 
[36mINFO[0m[0000] Taking snapshot of full filesystem...        
[36mINFO[0m[0000] EXPOSE 8080                                  
[36mINFO[0m[0000] cmd: EXPOSE                                  
[36mINFO[0m[0000] Adding exposed port: 8080/tcp                
[36mINFO[0m[0000] No files changed in this command, skipping snapshotting. 
[36mINFO[0m[0000] ENTRYPOINT ["/bdd-gh-1586174941"]            
[36mINFO[0m[0000] No files changed in this command, skipping snapshotting. 
[36mINFO[0m[0000] Using files from context: [/workspace/source/bin] 
[36mINFO[0m[0000] COPY ./bin/ /                                
[36mINFO[0m[0000] Taking snapshot of files...                  
2020/04/06 12:17:27 pushed blob: sha256:e22b2f018bb1574d41da40e448568f2f373c8374534636f1b16b3d697dea8300
2020/04/06 12:17:28 pushed blob: sha256:e24d1b0960171d0646f90e022fb567a294fc668b8a757e1e8b4542b28bc75336
2020/04/06 12:17:29 gcr.io/jenkins-x-labs-bdd/bdd-gh-1586174941:0.0.0-SNAPSHOT-PR-1-1: digest: sha256:9e3bc0929014a1c21e1f9cb11e0f1a263bf0a783ae1962c8a48481d09392a602 size: 428

Showing logs for build [32mjenkins-x-labs-bot-bdd-gh-15861-95rpp-1[0m stage [32mfrom-build-pack[0m and container [32mstep-postbuild-post-build[0m
no CVE provider running in the current ** namespace so skip adding image to be analysed

Showing logs for build [32mjenkins-x-labs-bot-bdd-gh-15861-95rpp-1[0m stage [32mfrom-build-pack[0m and container [32mstep-promote-make-preview[0m
sed -i -e "s/version:.*/version: 0.0.0-SNAPSHOT-PR-1-1/" Chart.yaml
sed -i -e "s/version:.*/version: 0.0.0-SNAPSHOT-PR-1-1/" ../*/Chart.yaml
sed -i -e "s|repository:.*|repository: gcr.io\/jenkins-x-labs-bdd\/bdd-gh-1586174941|" values.yaml
sed -i -e "s/tag:.*/tag: 0.0.0-SNAPSHOT-PR-1-1/" values.yaml
echo "  version: 0.0.0-SNAPSHOT-PR-1-1" >> requirements.yaml
** step helm build
WARNING: No $CHART_REPOSITORY defined so using the default value of: http://jenkins-x-chartmuseum:8080
Adding missing Helm repo: storage.googleapis.com https://storage.googleapis.com/chartmuseum.jenkins-x.io
Successfully added Helm repository storage.googleapis.com.
Adding missing Helm repo: jenkins-x-chartmuseum http://jenkins-x-chartmuseum:8080
Successfully added Helm repository jenkins-x-chartmuseum.
WARNING: No $CHART_REPOSITORY defined so using the default value of: http://jenkins-x-chartmuseum:8080

Showing logs for build [32mjenkins-x-labs-bot-bdd-gh-15861-95rpp-1[0m stage [32mfrom-build-pack[0m and container [32mstep-promote-jx-preview[0m
Creating a preview
Created environment ******************-bdd-gh-1586174941-pr-1
Namespace **-******************-bdd-gh-1586174941-pr-1 created 
expose:
  Annotations:
    helm.sh/hook: post-install,post-upgrade
    helm.sh/hook-delete-policy: hook-succeeded
  config:
    domain: 34.77.24.40.nip.io
    exposer: Ingress
    http: "true"
preview:
  image:
    repository: gcr.io/jenkins-x-labs-bdd/bdd-gh-1586174941
    tag: 0.0.0-SNAPSHOT-PR-1-1
adding helm values file /workspace/source/charts/preview/**Requirements.values.yaml for namespace **-******************-bdd-gh-1586174941-pr-1
Updating PipelineActivities ******************-bdd-gh-1586174941-pr-1-1 which has status Running
Preview application is now available at: http://bdd-gh-1586174941-**-******************-bdd-gh-1586174941-pr-1.34.77.24.40.nip.io
